  Camera.cpp
  Light.cpp
d:\learning\opengl refactor\rtr\gl exp\light.cpp(25): warning C4244: 'argument': conversion from 'GLfloat' to 'GLint', possible loss of data
d:\learning\opengl refactor\rtr\gl exp\light.cpp(26): warning C4244: 'argument': conversion from 'GLfloat' to 'GLint', possible loss of data
d:\learning\opengl refactor\rtr\gl exp\light.cpp(28): warning C4244: 'argument': conversion from 'GLfloat' to 'GLint', possible loss of data
d:\learning\opengl refactor\rtr\gl exp\light.cpp(29): warning C4244: 'argument': conversion from 'GLfloat' to 'GLint', possible loss of data
  main.cpp
d:\learning\opengl refactor\rtr\gl exp\main.cpp(81): warning C4267: 'initializing': conversion from 'size_t' to 'unsigned int', possible loss of data
d:\learning\opengl refactor\rtr\gl exp\main.cpp(258): warning C4305: 'argument': truncation from 'double' to 'GLfloat'
d:\learning\opengl refactor\rtr\gl exp\main.cpp(287): warning C4244: 'initializing': conversion from 'double' to 'GLfloat', possible loss of data
d:\learning\opengl refactor\rtr\gl exp\main.cpp(319): warning C4244: 'argument': conversion from 'GLuint' to 'GLfloat', possible loss of data
d:\learning\opengl refactor\rtr\gl exp\main.cpp(340): warning C4305: '+=': truncation from 'double' to 'GLfloat'
d:\learning\opengl refactor\rtr\gl exp\main.cpp(347): warning C4305: '+=': truncation from 'double' to 'GLfloat'
d:\learning\opengl refactor\rtr\gl exp\main.cpp(349): warning C4305: '-=': truncation from 'double' to 'GLfloat'
  Material.cpp
  Mesh.cpp
  Model.cpp
d:\learning\opengl refactor\rtr\gl exp\model.cpp(29): warning C4477: 'printf' : format string '%s' requires an argument of type 'char *', but variadic argument 1 has type 'const std::string'
d:\learning\opengl refactor\rtr\gl exp\model.cpp(79): warning C4267: 'argument': conversion from 'size_t' to 'unsigned int', possible loss of data
d:\learning\opengl refactor\rtr\gl exp\model.cpp(99): warning C4267: 'initializing': conversion from 'size_t' to 'int', possible loss of data
d:\learning\opengl refactor\rtr\gl exp\model.cpp(108): warning C4477: 'printf' : format string '%s' requires an argument of type 'char *', but variadic argument 1 has type 'std::string'
  MyGLWindow.cpp
d:\learning\opengl refactor\rtr\gl exp\myglwindow.cpp(175): warning C4244: '=': conversion from 'double' to 'GLfloat', possible loss of data
d:\learning\opengl refactor\rtr\gl exp\myglwindow.cpp(176): warning C4244: '=': conversion from 'double' to 'GLfloat', possible loss of data
d:\learning\opengl refactor\rtr\gl exp\myglwindow.cpp(180): warning C4244: '=': conversion from 'double' to 'GLfloat', possible loss of data
d:\learning\opengl refactor\rtr\gl exp\myglwindow.cpp(181): warning C4244: '=': conversion from 'double' to 'GLfloat', possible loss of data
d:\learning\opengl refactor\rtr\gl exp\myglwindow.cpp(184): warning C4244: '=': conversion from 'double' to 'GLfloat', possible loss of data
d:\learning\opengl refactor\rtr\gl exp\myglwindow.cpp(185): warning C4244: '=': conversion from 'double' to 'GLfloat', possible loss of data
  Shader.cpp
d:\learning\opengl refactor\rtr\gl exp\shader.cpp(110): warning C4267: '=': conversion from 'size_t' to 'GLint', possible loss of data
  Texture.cpp
  Generating Code...
d:\learning\opengl refactor\rtr\gl exp\myglwindow.cpp(89): warning C4715: 'MyGLWindow::Initialise': not all control paths return a value
Light.obj : error LNK2001: unresolved external symbol __imp___glewUniform1f
Material.obj : error LNK2001: unresolved external symbol __imp___glewUniform1f
Light.obj : error LNK2001: unresolved external symbol __imp___glewUniform3f
main.obj : error LNK2001: unresolved external symbol __imp___glewUniform3f
Material.obj : error LNK2001: unresolved external symbol __imp___glewUniform3f
main.obj : error LNK2019: unresolved external symbol glfwWindowShouldClose referenced in function "public: bool __cdecl MyGLWindow::getShouldClose(void)" (?getShouldClose@MyGLWindow@@QEAA_NXZ)
main.obj : error LNK2019: unresolved external symbol glfwPollEvents referenced in function main
main.obj : error LNK2019: unresolved external symbol glfwGetTime referenced in function main
main.obj : error LNK2019: unresolved external symbol glfwSwapBuffers referenced in function "public: void __cdecl MyGLWindow::swapBuffers(void)" (?swapBuffers@MyGLWindow@@QEAAXXZ)
main.obj : error LNK2019: unresolved external symbol "public: __cdecl Assimp::Importer::Importer(void)" (??0Importer@Assimp@@QEAA@XZ) referenced in function main
Model.obj : error LNK2001: unresolved external symbol "public: __cdecl Assimp::Importer::Importer(void)" (??0Importer@Assimp@@QEAA@XZ)
main.obj : error LNK2019: unresolved external symbol "public: __cdecl Assimp::Importer::~Importer(void)" (??1Importer@Assimp@@QEAA@XZ) referenced in function main
Model.obj : error LNK2001: unresolved external symbol "public: __cdecl Assimp::Importer::~Importer(void)" (??1Importer@Assimp@@QEAA@XZ)
main.obj : error LNK2001: unresolved external symbol __imp___glewUniformMatrix4fv
main.obj : error LNK2001: unresolved external symbol __imp___glewUseProgram
Shader.obj : error LNK2001: unresolved external symbol __imp___glewUseProgram
Material.obj : error LNK2001: unresolved external symbol __imp___glewUniform1i
Mesh.obj : error LNK2001: unresolved external symbol __imp___glewBindBuffer
Mesh.obj : error LNK2001: unresolved external symbol __imp___glewBufferData
Mesh.obj : error LNK2001: unresolved external symbol __imp___glewDeleteBuffers
Mesh.obj : error LNK2001: unresolved external symbol __imp___glewGenBuffers
Mesh.obj : error LNK2001: unresolved external symbol __imp___glewEnableVertexAttribArray
Mesh.obj : error LNK2001: unresolved external symbol __imp___glewVertexAttribPointer
Mesh.obj : error LNK2001: unresolved external symbol __imp___glewBindVertexArray
Mesh.obj : error LNK2001: unresolved external symbol __imp___glewDeleteVertexArrays
Mesh.obj : error LNK2001: unresolved external symbol __imp___glewGenVertexArrays
Model.obj : error LNK2019: unresolved external symbol "public: struct aiScene const * __cdecl Assimp::Importer::ReadFile(char const *,unsigned int)" (?ReadFile@Importer@Assimp@@QEAAPEBUaiScene@@PEBDI@Z) referenced in function "public: struct aiScene const * __cdecl Assimp::Importer::ReadFile(class std::basic_string<char,struct std::char_traits<char>,class std::allocator<char> > const &,unsigned int)" (?ReadFile@Importer@Assimp@@QEAAPEBUaiScene@@AEBV?$basic_string@DU?$char_traits@D@std@@V?$allocator@D@2@@std@@I@Z)
Model.obj : error LNK2019: unresolved external symbol "public: char const * __cdecl Assimp::Importer::GetErrorString(void)const " (?GetErrorString@Importer@Assimp@@QEBAPEBDXZ) referenced in function "public: void __cdecl Model::LoadModel(class std::basic_string<char,struct std::char_traits<char>,class std::allocator<char> > const &)" (?LoadModel@Model@@QEAAXAEBV?$basic_string@DU?$char_traits@D@std@@V?$allocator@D@2@@std@@@Z)
Model.obj : error LNK2019: unresolved external symbol aiGetMaterialTextureCount referenced in function "public: unsigned int __cdecl aiMaterial::GetTextureCount(enum aiTextureType)const " (?GetTextureCount@aiMaterial@@QEBAIW4aiTextureType@@@Z)
Model.obj : error LNK2019: unresolved external symbol aiGetMaterialTexture referenced in function "public: enum aiReturn __cdecl aiMaterial::GetTexture(enum aiTextureType,unsigned int,struct aiString *,enum aiTextureMapping *,unsigned int *,float *,enum aiTextureOp *,enum aiTextureMapMode *)const " (?GetTexture@aiMaterial@@QEBA?AW4aiReturn@@W4aiTextureType@@IPEAUaiString@@PEAW4aiTextureMapping@@PEAIPEAMPEAW4aiTextureOp@@PEAW4aiTextureMapMode@@@Z)
MyGLWindow.obj : error LNK2019: unresolved external symbol __imp_glewInit referenced in function "public: int __cdecl MyGLWindow::Initialise(void)" (?Initialise@MyGLWindow@@QEAAHXZ)
MyGLWindow.obj : error LNK2019: unresolved external symbol glfwInit referenced in function "public: int __cdecl MyGLWindow::Initialise(void)" (?Initialise@MyGLWindow@@QEAAHXZ)
MyGLWindow.obj : error LNK2019: unresolved external symbol glfwTerminate referenced in function "public: __cdecl MyGLWindow::~MyGLWindow(void)" (??1MyGLWindow@@QEAA@XZ)
MyGLWindow.obj : error LNK2019: unresolved external symbol glfwWindowHint referenced in function "public: int __cdecl MyGLWindow::Initialise(void)" (?Initialise@MyGLWindow@@QEAAHXZ)
MyGLWindow.obj : error LNK2019: unresolved external symbol glfwCreateWindow referenced in function "public: int __cdecl MyGLWindow::Initialise(void)" (?Initialise@MyGLWindow@@QEAAHXZ)
MyGLWindow.obj : error LNK2019: unresolved external symbol glfwDestroyWindow referenced in function "public: __cdecl MyGLWindow::~MyGLWindow(void)" (??1MyGLWindow@@QEAA@XZ)
MyGLWindow.obj : error LNK2019: unresolved external symbol glfwSetWindowShouldClose referenced in function "private: static void __cdecl MyGLWindow::keyPressed(struct GLFWwindow *,int,int,int,int)" (?keyPressed@MyGLWindow@@CAXPEAUGLFWwindow@@HHHH@Z)
MyGLWindow.obj : error LNK2019: unresolved external symbol glfwGetFramebufferSize referenced in function "public: int __cdecl MyGLWindow::Initialise(void)" (?Initialise@MyGLWindow@@QEAAHXZ)
MyGLWindow.obj : error LNK2019: unresolved external symbol glfwSetWindowUserPointer referenced in function "public: int __cdecl MyGLWindow::Initialise(void)" (?Initialise@MyGLWindow@@QEAAHXZ)
MyGLWindow.obj : error LNK2019: unresolved external symbol glfwGetWindowUserPointer referenced in function "private: static void __cdecl MyGLWindow::handleMouse(struct GLFWwindow *,double,double)" (?handleMouse@MyGLWindow@@CAXPEAUGLFWwindow@@NN@Z)
MyGLWindow.obj : error LNK2019: unresolved external symbol glfwSetInputMode referenced in function "public: int __cdecl MyGLWindow::Initialise(void)" (?Initialise@MyGLWindow@@QEAAHXZ)
MyGLWindow.obj : error LNK2019: unresolved external symbol glfwSetKeyCallback referenced in function "private: void __cdecl MyGLWindow::createCallbacks(void)" (?createCallbacks@MyGLWindow@@AEAAXXZ)
MyGLWindow.obj : error LNK2019: unresolved external symbol glfwSetCursorPosCallback referenced in function "private: void __cdecl MyGLWindow::createCallbacks(void)" (?createCallbacks@MyGLWindow@@AEAAXXZ)
MyGLWindow.obj : error LNK2019: unresolved external symbol glfwMakeContextCurrent referenced in function "public: int __cdecl MyGLWindow::Initialise(void)" (?Initialise@MyGLWindow@@QEAAHXZ)
MyGLWindow.obj : error LNK2001: unresolved external symbol __imp_glewExperimental
Shader.obj : error LNK2001: unresolved external symbol __imp___glewAttachShader
Shader.obj : error LNK2001: unresolved external symbol __imp___glewCompileShader
Shader.obj : error LNK2001: unresolved external symbol __imp___glewCreateProgram
Shader.obj : error LNK2001: unresolved external symbol __imp___glewCreateShader
Shader.obj : error LNK2001: unresolved external symbol __imp___glewDeleteProgram
Shader.obj : error LNK2001: unresolved external symbol __imp___glewGetProgramInfoLog
Shader.obj : error LNK2001: unresolved external symbol __imp___glewGetProgramiv
Shader.obj : error LNK2001: unresolved external symbol __imp___glewGetShaderInfoLog
Shader.obj : error LNK2001: unresolved external symbol __imp___glewGetShaderiv
Shader.obj : error LNK2001: unresolved external symbol __imp___glewGetUniformLocation
Shader.obj : error LNK2001: unresolved external symbol __imp___glewLinkProgram
Shader.obj : error LNK2001: unresolved external symbol __imp___glewShaderSource
Shader.obj : error LNK2001: unresolved external symbol __imp___glewValidateProgram
Texture.obj : error LNK2001: unresolved external symbol __imp___glewActiveTexture
Texture.obj : error LNK2001: unresolved external symbol __imp___glewGenerateMipmap
D:\Learning\OpenGL refactor\RTR\\Ext Libs\GLEW\lib\Release\Win32\glew32.lib : warning LNK4272: library machine type 'x86' conflicts with target machine type 'x64'
D:\Learning\OpenGL refactor\RTR\\Ext Libs\GLFW\lib-vc2015\glfw3.lib : warning LNK4272: library machine type 'x86' conflicts with target machine type 'x64'
D:\Learning\OpenGL refactor\RTR\\Ext Libs\ASSIMP\lib\assimp-vc140-mt.lib : warning LNK4272: library machine type 'x86' conflicts with target machine type 'x64'
D:\Learning\OpenGL refactor\RTR\x64\Debug\GL Exp.exe : fatal error LNK1120: 54 unresolved externals
